2024-05-09 12:18:43 INFO  WebServicesLog:26 - Entered in to executeSuite method
2024-05-09 12:18:43 INFO  WebServicesLog:59 - Entered in to createFolder method.
2024-05-09 12:18:43 INFO  WebServicesLog:65 - Exit from createFolder method.
2024-05-09 12:18:43 INFO  WebServicesLog:143 - Entered in to dateWithMilliSeconds method.
2024-05-09 12:18:43 INFO  WebServicesLog:146 - Exit from dateWithMilliSeconds method.
2024-05-09 12:18:43 INFO  WebServicesLog:143 - Entered in to dateWithMilliSeconds method.
2024-05-09 12:18:43 INFO  WebServicesLog:146 - Exit from dateWithMilliSeconds method.
2024-05-09 12:18:43 INFO  WebServicesLog:89 - Entered in to getProperties method.
2024-05-09 12:18:43 INFO  WebServicesLog:101 - Exit from getProperties method.
2024-05-09 12:18:43 INFO  WebServicesLog:75 - Entered in to createRow method.
2024-05-09 12:18:45 INFO  WebServicesLog:80 - Creating an excelworkbook in CreateRow method.
2024-05-09 12:18:45 INFO  WebServicesLog:98 - Exit from createRow method.
2024-05-09 12:18:45 INFO  WebServicesLog:15 - Entered in to onStart method.
2024-05-09 12:18:46 INFO  WebServicesLog:31 - Exit from onStart method.
2024-05-09 12:18:46 INFO  WebServicesLog:102 - Entered in to excelFileRead method.
2024-05-09 12:18:46 ERROR WebServicesLog:110 - Error in excelFileRead method: C:\Users\draghava\OneDrive - Capgemini\Documents\All Programs\RestAssured\RestAssured_WA\testartifacts\TestSet\TestSet1.xlsx (The process cannot access the file because it is being used by another process)
2024-05-09 12:18:46 ERROR WebServicesLog:111 - Trace: java.io.FileNotFoundException: C:\Users\draghava\OneDrive - Capgemini\Documents\All Programs\RestAssured\RestAssured_WA\testartifacts\TestSet\TestSet1.xlsx (The process cannot access the file because it is being used by another process)
2024-05-09 12:18:46 INFO  WebServicesLog:113 - Exit from excelFileRead method.
2024-05-09 12:18:46 ERROR WebServicesLog:117 - Trace: java.lang.NullPointerException
2024-05-09 12:19:45 INFO  WebServicesLog:26 - Entered in to executeSuite method
2024-05-09 12:19:45 INFO  WebServicesLog:59 - Entered in to createFolder method.
2024-05-09 12:19:45 INFO  WebServicesLog:65 - Exit from createFolder method.
2024-05-09 12:19:45 INFO  WebServicesLog:143 - Entered in to dateWithMilliSeconds method.
2024-05-09 12:19:45 INFO  WebServicesLog:146 - Exit from dateWithMilliSeconds method.
2024-05-09 12:19:45 INFO  WebServicesLog:143 - Entered in to dateWithMilliSeconds method.
2024-05-09 12:19:45 INFO  WebServicesLog:146 - Exit from dateWithMilliSeconds method.
2024-05-09 12:19:45 INFO  WebServicesLog:89 - Entered in to getProperties method.
2024-05-09 12:19:45 INFO  WebServicesLog:101 - Exit from getProperties method.
2024-05-09 12:19:45 INFO  WebServicesLog:75 - Entered in to createRow method.
2024-05-09 12:19:46 INFO  WebServicesLog:80 - Creating an excelworkbook in CreateRow method.
2024-05-09 12:19:46 INFO  WebServicesLog:98 - Exit from createRow method.
2024-05-09 12:19:46 INFO  WebServicesLog:15 - Entered in to onStart method.
2024-05-09 12:19:46 INFO  WebServicesLog:31 - Exit from onStart method.
2024-05-09 12:19:46 INFO  WebServicesLog:102 - Entered in to excelFileRead method.
2024-05-09 12:19:47 INFO  WebServicesLog:113 - Exit from excelFileRead method.
2024-05-09 12:19:47 INFO  WebServicesLog:102 - Entered in to excelFileRead method.
2024-05-09 12:19:47 INFO  WebServicesLog:113 - Exit from excelFileRead method.
2024-05-09 12:19:47 INFO  WebServicesLog:102 - Entered in to excelFileRead method.
2024-05-09 12:19:47 INFO  WebServicesLog:113 - Exit from excelFileRead method.
2024-05-09 12:19:47 INFO  WebServicesLog:35 - Entered in to extentSummary method.
2024-05-09 12:19:47 INFO  WebServicesLog:37 - Exit from extentSummary method.
2024-05-09 12:19:47 INFO  WebServicesLog:79 - Execution started for PostBook
2024-05-09 12:19:47 INFO  WebServicesLog:70 - Entered in to serviceRedirection method.
2024-05-09 12:19:47 INFO  WebServicesLog:30 - Entered in to PostBook method.
2024-05-09 12:19:47 INFO  WebServicesLog:102 - Entered in to excelFileRead method.
2024-05-09 12:19:47 INFO  WebServicesLog:113 - Exit from excelFileRead method.
2024-05-09 12:19:47 INFO  WebServicesLog:89 - Entered in to getProperties method.
2024-05-09 12:19:47 INFO  WebServicesLog:101 - Exit from getProperties method.
2024-05-09 12:19:47 INFO  WebServicesLog:89 - Entered in to getProperties method.
2024-05-09 12:19:47 INFO  WebServicesLog:101 - Exit from getProperties method.
2024-05-09 12:19:47 INFO  WebServicesLog:89 - Entered in to getProperties method.
2024-05-09 12:19:47 INFO  WebServicesLog:101 - Exit from getProperties method.
2024-05-09 12:19:47 INFO  WebServicesLog:89 - Entered in to getProperties method.
2024-05-09 12:19:47 INFO  WebServicesLog:101 - Exit from getProperties method.
2024-05-09 12:19:47 INFO  WebServicesLog:89 - Entered in to getProperties method.
2024-05-09 12:19:47 INFO  WebServicesLog:101 - Exit from getProperties method.
2024-05-09 12:19:47 INFO  WebServicesLog:75 - Entered in to createRow method.
2024-05-09 12:19:47 INFO  WebServicesLog:98 - Exit from createRow method.
2024-05-09 12:19:47 INFO  WebServicesLog:63 - Execution started for TestCase No:1
2024-05-09 12:19:47 INFO  WebServicesLog:28 - Entered in to generateInputPayload method.
2024-05-09 12:19:47 INFO  WebServicesLog:107 - Entered in to textFileRead method.
2024-05-09 12:19:47 INFO  WebServicesLog:123 - Exit from textFileRead method.
2024-05-09 12:19:47 INFO  WebServicesLog:53 - Exit from generateInputPayload method.
2024-05-09 12:19:47 INFO  WebServicesLog:27 - Entered in to postMethod method.
2024-05-09 12:19:53 INFO  WebServicesLog:40 - Exit from postMethod method.
2024-05-09 12:19:53 INFO  WebServicesLog:114 - Entered in to responseCodeValidation method.
2024-05-09 12:19:53 ERROR WebServicesLog:116 - Exception in PostBook service. Reason:- java.lang.NullPointerException
2024-05-09 12:19:53 INFO  WebServicesLog:75 - Entered in to createRow method.
2024-05-09 12:19:53 INFO  WebServicesLog:98 - Exit from createRow method.
2024-05-09 12:19:53 INFO  WebServicesLog:49 - Entered in to failTest method.
2024-05-09 12:19:53 INFO  WebServicesLog:54 - <span style='font-weight:bold;'>Test Case:</span> Post Book Data<br /><span style='font-weight:bold;'>Result: FAIL.</span> <br /><span style='font-weight:bold;'>Failure Reason is: </span>Exception in PostBook service. Reason:- null
2024-05-09 12:19:53 INFO  WebServicesLog:55 - Exit from failTest method.
2024-05-09 12:19:53 INFO  WebServicesLog:124 - Execution status of Test Case number: '1' is : FAIL. Failure reason is: Exception in PostBook service. Reason:- null
2024-05-09 12:19:53 INFO  WebServicesLog:146 - Exit from PostBook method.
2024-05-09 12:19:53 INFO  WebServicesLog:85 - Exit from serviceRedirection method.
2024-05-09 12:19:53 INFO  WebServicesLog:242 - Entered in to getFinalResult (String) method.
2024-05-09 12:19:53 INFO  WebServicesLog:259 - Exit from getFinalResult (String) method.
2024-05-09 12:19:53 INFO  WebServicesLog:75 - Entered in to createRow method.
2024-05-09 12:19:53 INFO  WebServicesLog:98 - Exit from createRow method.
2024-05-09 12:19:53 INFO  WebServicesLog:86 - Execution completed for PostBook. Final result is:FAIL
2024-05-09 12:19:53 INFO  WebServicesLog:72 - Entered in to endReport method.
2024-05-09 12:19:54 INFO  WebServicesLog:75 - Exit from endReport method.
2024-05-09 12:19:54 INFO  WebServicesLog:106 - Exit from executeSuite method
2024-05-09 15:08:06 INFO  WebServicesLog:26 - Entered in to executeSuite method
2024-05-09 15:08:06 INFO  WebServicesLog:59 - Entered in to createFolder method.
2024-05-09 15:08:06 INFO  WebServicesLog:65 - Exit from createFolder method.
2024-05-09 15:08:06 INFO  WebServicesLog:143 - Entered in to dateWithMilliSeconds method.
2024-05-09 15:08:06 INFO  WebServicesLog:146 - Exit from dateWithMilliSeconds method.
2024-05-09 15:08:06 INFO  WebServicesLog:143 - Entered in to dateWithMilliSeconds method.
2024-05-09 15:08:06 INFO  WebServicesLog:146 - Exit from dateWithMilliSeconds method.
2024-05-09 15:08:06 INFO  WebServicesLog:89 - Entered in to getProperties method.
2024-05-09 15:08:06 INFO  WebServicesLog:101 - Exit from getProperties method.
2024-05-09 15:08:06 INFO  WebServicesLog:75 - Entered in to createRow method.
2024-05-09 15:08:08 INFO  WebServicesLog:80 - Creating an excelworkbook in CreateRow method.
2024-05-09 15:08:08 INFO  WebServicesLog:98 - Exit from createRow method.
2024-05-09 15:08:08 INFO  WebServicesLog:15 - Entered in to onStart method.
2024-05-09 15:08:08 INFO  WebServicesLog:31 - Exit from onStart method.
2024-05-09 15:08:08 INFO  WebServicesLog:102 - Entered in to excelFileRead method.
2024-05-09 15:08:09 INFO  WebServicesLog:113 - Exit from excelFileRead method.
2024-05-09 15:08:09 INFO  WebServicesLog:102 - Entered in to excelFileRead method.
2024-05-09 15:08:09 INFO  WebServicesLog:113 - Exit from excelFileRead method.
2024-05-09 15:08:09 INFO  WebServicesLog:102 - Entered in to excelFileRead method.
2024-05-09 15:08:09 INFO  WebServicesLog:113 - Exit from excelFileRead method.
2024-05-09 15:08:09 INFO  WebServicesLog:35 - Entered in to extentSummary method.
2024-05-09 15:08:09 INFO  WebServicesLog:37 - Exit from extentSummary method.
2024-05-09 15:08:09 INFO  WebServicesLog:79 - Execution started for PostBook
2024-05-09 15:08:09 INFO  WebServicesLog:70 - Entered in to serviceRedirection method.
2024-05-09 15:08:09 INFO  WebServicesLog:30 - Entered in to PostBook method.
2024-05-09 15:08:09 INFO  WebServicesLog:102 - Entered in to excelFileRead method.
2024-05-09 15:08:09 INFO  WebServicesLog:113 - Exit from excelFileRead method.
2024-05-09 15:08:09 INFO  WebServicesLog:89 - Entered in to getProperties method.
2024-05-09 15:08:09 INFO  WebServicesLog:101 - Exit from getProperties method.
2024-05-09 15:08:09 INFO  WebServicesLog:89 - Entered in to getProperties method.
2024-05-09 15:08:09 INFO  WebServicesLog:101 - Exit from getProperties method.
2024-05-09 15:08:09 INFO  WebServicesLog:89 - Entered in to getProperties method.
2024-05-09 15:08:09 INFO  WebServicesLog:101 - Exit from getProperties method.
2024-05-09 15:08:09 INFO  WebServicesLog:89 - Entered in to getProperties method.
2024-05-09 15:08:09 INFO  WebServicesLog:101 - Exit from getProperties method.
2024-05-09 15:08:09 INFO  WebServicesLog:89 - Entered in to getProperties method.
2024-05-09 15:08:09 INFO  WebServicesLog:101 - Exit from getProperties method.
2024-05-09 15:08:09 INFO  WebServicesLog:75 - Entered in to createRow method.
2024-05-09 15:08:10 INFO  WebServicesLog:98 - Exit from createRow method.
2024-05-09 15:08:10 INFO  WebServicesLog:63 - Execution started for TestCase No:1
2024-05-09 15:08:10 INFO  WebServicesLog:28 - Entered in to generateInputPayload method.
2024-05-09 15:08:10 INFO  WebServicesLog:107 - Entered in to textFileRead method.
2024-05-09 15:08:10 INFO  WebServicesLog:123 - Exit from textFileRead method.
2024-05-09 15:08:10 INFO  WebServicesLog:53 - Exit from generateInputPayload method.
2024-05-09 15:08:10 INFO  WebServicesLog:27 - Entered in to postMethod method.
2024-05-09 15:08:15 INFO  WebServicesLog:40 - Exit from postMethod method.
2024-05-09 15:08:15 INFO  WebServicesLog:114 - Entered in to responseCodeValidation method.
2024-05-09 15:08:16 ERROR WebServicesLog:116 - Exception in PostBook service. Reason:- java.lang.NullPointerException
2024-05-09 15:08:16 INFO  WebServicesLog:75 - Entered in to createRow method.
2024-05-09 15:08:16 INFO  WebServicesLog:98 - Exit from createRow method.
2024-05-09 15:08:16 INFO  WebServicesLog:49 - Entered in to failTest method.
2024-05-09 15:08:16 INFO  WebServicesLog:54 - <span style='font-weight:bold;'>Test Case:</span> Post Book Data<br /><span style='font-weight:bold;'>Result: FAIL.</span> <br /><span style='font-weight:bold;'>Failure Reason is: </span>Exception in PostBook service. Reason:- null
2024-05-09 15:08:16 INFO  WebServicesLog:55 - Exit from failTest method.
2024-05-09 15:08:16 INFO  WebServicesLog:124 - Execution status of Test Case number: '1' is : FAIL. Failure reason is: Exception in PostBook service. Reason:- null
2024-05-09 15:08:16 INFO  WebServicesLog:146 - Exit from PostBook method.
2024-05-09 15:08:16 INFO  WebServicesLog:85 - Exit from serviceRedirection method.
2024-05-09 15:08:16 INFO  WebServicesLog:242 - Entered in to getFinalResult (String) method.
2024-05-09 15:08:16 INFO  WebServicesLog:259 - Exit from getFinalResult (String) method.
2024-05-09 15:08:16 INFO  WebServicesLog:75 - Entered in to createRow method.
2024-05-09 15:08:16 INFO  WebServicesLog:98 - Exit from createRow method.
2024-05-09 15:08:16 INFO  WebServicesLog:86 - Execution completed for PostBook. Final result is:FAIL
2024-05-09 15:08:16 INFO  WebServicesLog:72 - Entered in to endReport method.
2024-05-09 15:08:17 INFO  WebServicesLog:75 - Exit from endReport method.
2024-05-09 15:08:17 INFO  WebServicesLog:106 - Exit from executeSuite method
2024-05-09 15:11:39 INFO  WebServicesLog:26 - Entered in to executeSuite method
2024-05-09 15:11:39 INFO  WebServicesLog:59 - Entered in to createFolder method.
2024-05-09 15:11:39 INFO  WebServicesLog:65 - Exit from createFolder method.
2024-05-09 15:11:39 INFO  WebServicesLog:143 - Entered in to dateWithMilliSeconds method.
2024-05-09 15:11:39 INFO  WebServicesLog:146 - Exit from dateWithMilliSeconds method.
2024-05-09 15:11:39 INFO  WebServicesLog:143 - Entered in to dateWithMilliSeconds method.
2024-05-09 15:11:39 INFO  WebServicesLog:146 - Exit from dateWithMilliSeconds method.
2024-05-09 15:11:39 INFO  WebServicesLog:89 - Entered in to getProperties method.
2024-05-09 15:11:39 INFO  WebServicesLog:101 - Exit from getProperties method.
2024-05-09 15:11:39 INFO  WebServicesLog:75 - Entered in to createRow method.
2024-05-09 15:11:40 INFO  WebServicesLog:80 - Creating an excelworkbook in CreateRow method.
2024-05-09 15:11:41 INFO  WebServicesLog:98 - Exit from createRow method.
2024-05-09 15:11:41 INFO  WebServicesLog:15 - Entered in to onStart method.
2024-05-09 15:11:41 INFO  WebServicesLog:31 - Exit from onStart method.
2024-05-09 15:11:41 INFO  WebServicesLog:102 - Entered in to excelFileRead method.
2024-05-09 15:11:42 INFO  WebServicesLog:113 - Exit from excelFileRead method.
2024-05-09 15:11:42 INFO  WebServicesLog:102 - Entered in to excelFileRead method.
2024-05-09 15:11:43 INFO  WebServicesLog:113 - Exit from excelFileRead method.
2024-05-09 15:11:43 INFO  WebServicesLog:102 - Entered in to excelFileRead method.
2024-05-09 15:11:43 INFO  WebServicesLog:113 - Exit from excelFileRead method.
2024-05-09 15:11:43 INFO  WebServicesLog:35 - Entered in to extentSummary method.
2024-05-09 15:11:43 INFO  WebServicesLog:37 - Exit from extentSummary method.
2024-05-09 15:11:43 INFO  WebServicesLog:79 - Execution started for PostBook
2024-05-09 15:11:43 INFO  WebServicesLog:70 - Entered in to serviceRedirection method.
2024-05-09 15:11:43 INFO  WebServicesLog:30 - Entered in to PostBook method.
2024-05-09 15:11:43 INFO  WebServicesLog:102 - Entered in to excelFileRead method.
2024-05-09 15:11:43 INFO  WebServicesLog:113 - Exit from excelFileRead method.
2024-05-09 15:11:43 INFO  WebServicesLog:89 - Entered in to getProperties method.
2024-05-09 15:11:43 INFO  WebServicesLog:101 - Exit from getProperties method.
2024-05-09 15:11:43 INFO  WebServicesLog:89 - Entered in to getProperties method.
2024-05-09 15:11:43 INFO  WebServicesLog:101 - Exit from getProperties method.
2024-05-09 15:11:43 INFO  WebServicesLog:89 - Entered in to getProperties method.
2024-05-09 15:11:43 INFO  WebServicesLog:101 - Exit from getProperties method.
2024-05-09 15:11:43 INFO  WebServicesLog:89 - Entered in to getProperties method.
2024-05-09 15:11:43 INFO  WebServicesLog:101 - Exit from getProperties method.
2024-05-09 15:11:43 INFO  WebServicesLog:89 - Entered in to getProperties method.
2024-05-09 15:11:43 INFO  WebServicesLog:101 - Exit from getProperties method.
2024-05-09 15:11:43 INFO  WebServicesLog:75 - Entered in to createRow method.
2024-05-09 15:11:44 INFO  WebServicesLog:98 - Exit from createRow method.
2024-05-09 15:11:44 INFO  WebServicesLog:63 - Execution started for TestCase No:1
2024-05-09 15:11:44 INFO  WebServicesLog:28 - Entered in to generateInputPayload method.
2024-05-09 15:11:44 INFO  WebServicesLog:107 - Entered in to textFileRead method.
2024-05-09 15:11:44 INFO  WebServicesLog:123 - Exit from textFileRead method.
2024-05-09 15:11:44 INFO  WebServicesLog:53 - Exit from generateInputPayload method.
2024-05-09 15:12:09 INFO  WebServicesLog:27 - Entered in to postMethod method.
2024-05-09 15:15:53 INFO  WebServicesLog:26 - Entered in to executeSuite method
2024-05-09 15:15:53 INFO  WebServicesLog:59 - Entered in to createFolder method.
2024-05-09 15:15:53 INFO  WebServicesLog:65 - Exit from createFolder method.
2024-05-09 15:15:53 INFO  WebServicesLog:143 - Entered in to dateWithMilliSeconds method.
2024-05-09 15:15:53 INFO  WebServicesLog:146 - Exit from dateWithMilliSeconds method.
2024-05-09 15:15:53 INFO  WebServicesLog:143 - Entered in to dateWithMilliSeconds method.
2024-05-09 15:15:53 INFO  WebServicesLog:146 - Exit from dateWithMilliSeconds method.
2024-05-09 15:15:53 INFO  WebServicesLog:89 - Entered in to getProperties method.
2024-05-09 15:15:53 INFO  WebServicesLog:101 - Exit from getProperties method.
2024-05-09 15:15:53 INFO  WebServicesLog:75 - Entered in to createRow method.
2024-05-09 15:15:54 INFO  WebServicesLog:80 - Creating an excelworkbook in CreateRow method.
2024-05-09 15:15:54 INFO  WebServicesLog:98 - Exit from createRow method.
2024-05-09 15:15:54 INFO  WebServicesLog:15 - Entered in to onStart method.
2024-05-09 15:15:55 INFO  WebServicesLog:31 - Exit from onStart method.
2024-05-09 15:15:55 INFO  WebServicesLog:102 - Entered in to excelFileRead method.
2024-05-09 15:15:55 INFO  WebServicesLog:113 - Exit from excelFileRead method.
2024-05-09 15:15:55 INFO  WebServicesLog:102 - Entered in to excelFileRead method.
2024-05-09 15:15:55 INFO  WebServicesLog:113 - Exit from excelFileRead method.
2024-05-09 15:15:55 INFO  WebServicesLog:102 - Entered in to excelFileRead method.
2024-05-09 15:15:55 INFO  WebServicesLog:113 - Exit from excelFileRead method.
2024-05-09 15:15:55 INFO  WebServicesLog:35 - Entered in to extentSummary method.
2024-05-09 15:15:55 INFO  WebServicesLog:37 - Exit from extentSummary method.
2024-05-09 15:15:55 INFO  WebServicesLog:79 - Execution started for PostBook
2024-05-09 15:15:55 INFO  WebServicesLog:70 - Entered in to serviceRedirection method.
2024-05-09 15:15:55 INFO  WebServicesLog:30 - Entered in to PostBook method.
2024-05-09 15:15:55 INFO  WebServicesLog:102 - Entered in to excelFileRead method.
2024-05-09 15:15:55 INFO  WebServicesLog:113 - Exit from excelFileRead method.
2024-05-09 15:15:55 INFO  WebServicesLog:89 - Entered in to getProperties method.
2024-05-09 15:15:55 INFO  WebServicesLog:101 - Exit from getProperties method.
2024-05-09 15:15:55 INFO  WebServicesLog:89 - Entered in to getProperties method.
2024-05-09 15:15:55 INFO  WebServicesLog:101 - Exit from getProperties method.
2024-05-09 15:15:55 INFO  WebServicesLog:89 - Entered in to getProperties method.
2024-05-09 15:15:55 INFO  WebServicesLog:101 - Exit from getProperties method.
2024-05-09 15:15:55 INFO  WebServicesLog:89 - Entered in to getProperties method.
2024-05-09 15:15:55 INFO  WebServicesLog:101 - Exit from getProperties method.
2024-05-09 15:15:55 INFO  WebServicesLog:89 - Entered in to getProperties method.
2024-05-09 15:15:55 INFO  WebServicesLog:101 - Exit from getProperties method.
2024-05-09 15:15:55 INFO  WebServicesLog:75 - Entered in to createRow method.
2024-05-09 15:15:56 INFO  WebServicesLog:98 - Exit from createRow method.
2024-05-09 15:15:56 INFO  WebServicesLog:63 - Execution started for TestCase No:1
2024-05-09 15:15:56 INFO  WebServicesLog:28 - Entered in to generateInputPayload method.
2024-05-09 15:15:56 INFO  WebServicesLog:107 - Entered in to textFileRead method.
2024-05-09 15:15:56 INFO  WebServicesLog:123 - Exit from textFileRead method.
2024-05-09 15:15:56 INFO  WebServicesLog:53 - Exit from generateInputPayload method.
2024-05-09 15:15:56 INFO  WebServicesLog:27 - Entered in to postMethod method.
2024-05-09 15:16:02 INFO  WebServicesLog:40 - Exit from postMethod method.
2024-05-09 15:16:02 INFO  WebServicesLog:114 - Entered in to responseCodeValidation method.
2024-05-09 15:16:02 ERROR WebServicesLog:116 - Exception in PostBook service. Reason:- java.lang.NullPointerException
2024-05-09 15:16:02 INFO  WebServicesLog:75 - Entered in to createRow method.
2024-05-09 15:16:02 INFO  WebServicesLog:98 - Exit from createRow method.
2024-05-09 15:16:02 INFO  WebServicesLog:49 - Entered in to failTest method.
2024-05-09 15:16:02 INFO  WebServicesLog:54 - <span style='font-weight:bold;'>Test Case:</span> Post Book Data<br /><span style='font-weight:bold;'>Result: FAIL.</span> <br /><span style='font-weight:bold;'>Failure Reason is: </span>Exception in PostBook service. Reason:- null
2024-05-09 15:16:02 INFO  WebServicesLog:55 - Exit from failTest method.
2024-05-09 15:16:02 INFO  WebServicesLog:124 - Execution status of Test Case number: '1' is : FAIL. Failure reason is: Exception in PostBook service. Reason:- null
2024-05-09 15:16:02 INFO  WebServicesLog:146 - Exit from PostBook method.
2024-05-09 15:16:02 INFO  WebServicesLog:85 - Exit from serviceRedirection method.
2024-05-09 15:16:02 INFO  WebServicesLog:242 - Entered in to getFinalResult (String) method.
2024-05-09 15:16:02 INFO  WebServicesLog:259 - Exit from getFinalResult (String) method.
2024-05-09 15:16:02 INFO  WebServicesLog:75 - Entered in to createRow method.
2024-05-09 15:16:02 INFO  WebServicesLog:98 - Exit from createRow method.
2024-05-09 15:16:02 INFO  WebServicesLog:86 - Execution completed for PostBook. Final result is:FAIL
2024-05-09 15:16:02 INFO  WebServicesLog:72 - Entered in to endReport method.
2024-05-09 15:16:03 INFO  WebServicesLog:75 - Exit from endReport method.
2024-05-09 15:16:03 INFO  WebServicesLog:106 - Exit from executeSuite method
2024-05-09 15:16:22 INFO  WebServicesLog:26 - Entered in to executeSuite method
2024-05-09 15:16:22 INFO  WebServicesLog:59 - Entered in to createFolder method.
2024-05-09 15:16:22 INFO  WebServicesLog:65 - Exit from createFolder method.
2024-05-09 15:16:22 INFO  WebServicesLog:143 - Entered in to dateWithMilliSeconds method.
2024-05-09 15:16:22 INFO  WebServicesLog:146 - Exit from dateWithMilliSeconds method.
2024-05-09 15:16:22 INFO  WebServicesLog:143 - Entered in to dateWithMilliSeconds method.
2024-05-09 15:16:22 INFO  WebServicesLog:146 - Exit from dateWithMilliSeconds method.
2024-05-09 15:16:22 INFO  WebServicesLog:89 - Entered in to getProperties method.
2024-05-09 15:16:22 INFO  WebServicesLog:101 - Exit from getProperties method.
2024-05-09 15:16:22 INFO  WebServicesLog:75 - Entered in to createRow method.
2024-05-09 15:16:23 INFO  WebServicesLog:80 - Creating an excelworkbook in CreateRow method.
2024-05-09 15:16:23 INFO  WebServicesLog:98 - Exit from createRow method.
2024-05-09 15:16:23 INFO  WebServicesLog:15 - Entered in to onStart method.
2024-05-09 15:16:23 INFO  WebServicesLog:31 - Exit from onStart method.
2024-05-09 15:16:23 INFO  WebServicesLog:102 - Entered in to excelFileRead method.
2024-05-09 15:16:24 INFO  WebServicesLog:113 - Exit from excelFileRead method.
2024-05-09 15:16:24 INFO  WebServicesLog:102 - Entered in to excelFileRead method.
2024-05-09 15:16:24 INFO  WebServicesLog:113 - Exit from excelFileRead method.
2024-05-09 15:16:24 INFO  WebServicesLog:102 - Entered in to excelFileRead method.
2024-05-09 15:16:24 INFO  WebServicesLog:113 - Exit from excelFileRead method.
2024-05-09 15:16:24 INFO  WebServicesLog:35 - Entered in to extentSummary method.
2024-05-09 15:16:24 INFO  WebServicesLog:37 - Exit from extentSummary method.
2024-05-09 15:16:24 INFO  WebServicesLog:79 - Execution started for PostBook
2024-05-09 15:16:24 INFO  WebServicesLog:70 - Entered in to serviceRedirection method.
2024-05-09 15:16:24 INFO  WebServicesLog:30 - Entered in to PostBook method.
2024-05-09 15:16:24 INFO  WebServicesLog:102 - Entered in to excelFileRead method.
2024-05-09 15:16:24 INFO  WebServicesLog:113 - Exit from excelFileRead method.
2024-05-09 15:16:24 INFO  WebServicesLog:89 - Entered in to getProperties method.
2024-05-09 15:16:24 INFO  WebServicesLog:101 - Exit from getProperties method.
2024-05-09 15:16:24 INFO  WebServicesLog:89 - Entered in to getProperties method.
2024-05-09 15:16:24 INFO  WebServicesLog:101 - Exit from getProperties method.
2024-05-09 15:16:24 INFO  WebServicesLog:89 - Entered in to getProperties method.
2024-05-09 15:16:24 INFO  WebServicesLog:101 - Exit from getProperties method.
2024-05-09 15:16:24 INFO  WebServicesLog:89 - Entered in to getProperties method.
2024-05-09 15:16:24 INFO  WebServicesLog:101 - Exit from getProperties method.
2024-05-09 15:16:24 INFO  WebServicesLog:89 - Entered in to getProperties method.
2024-05-09 15:16:24 INFO  WebServicesLog:101 - Exit from getProperties method.
2024-05-09 15:16:24 INFO  WebServicesLog:75 - Entered in to createRow method.
2024-05-09 15:16:25 INFO  WebServicesLog:98 - Exit from createRow method.
2024-05-09 15:16:25 INFO  WebServicesLog:63 - Execution started for TestCase No:1
2024-05-09 15:16:25 INFO  WebServicesLog:28 - Entered in to generateInputPayload method.
2024-05-09 15:16:25 INFO  WebServicesLog:107 - Entered in to textFileRead method.
2024-05-09 15:16:25 INFO  WebServicesLog:123 - Exit from textFileRead method.
2024-05-09 15:16:25 INFO  WebServicesLog:53 - Exit from generateInputPayload method.
2024-05-09 15:16:25 INFO  WebServicesLog:27 - Entered in to postMethod method.
2024-05-09 15:16:30 INFO  WebServicesLog:40 - Exit from postMethod method.
2024-05-09 15:16:30 INFO  WebServicesLog:114 - Entered in to responseCodeValidation method.
2024-05-09 15:16:30 ERROR WebServicesLog:116 - Exception in PostBook service. Reason:- java.lang.NullPointerException
2024-05-09 15:16:30 INFO  WebServicesLog:75 - Entered in to createRow method.
2024-05-09 15:16:31 INFO  WebServicesLog:98 - Exit from createRow method.
2024-05-09 15:16:31 INFO  WebServicesLog:49 - Entered in to failTest method.
2024-05-09 15:16:31 INFO  WebServicesLog:54 - <span style='font-weight:bold;'>Test Case:</span> Post Book Data<br /><span style='font-weight:bold;'>Result: FAIL.</span> <br /><span style='font-weight:bold;'>Failure Reason is: </span>Exception in PostBook service. Reason:- null
2024-05-09 15:16:31 INFO  WebServicesLog:55 - Exit from failTest method.
2024-05-09 15:16:31 INFO  WebServicesLog:124 - Execution status of Test Case number: '1' is : FAIL. Failure reason is: Exception in PostBook service. Reason:- null
2024-05-09 15:16:31 INFO  WebServicesLog:146 - Exit from PostBook method.
2024-05-09 15:16:31 INFO  WebServicesLog:85 - Exit from serviceRedirection method.
2024-05-09 15:16:31 INFO  WebServicesLog:242 - Entered in to getFinalResult (String) method.
2024-05-09 15:16:31 INFO  WebServicesLog:259 - Exit from getFinalResult (String) method.
2024-05-09 15:16:31 INFO  WebServicesLog:75 - Entered in to createRow method.
2024-05-09 15:16:31 INFO  WebServicesLog:98 - Exit from createRow method.
2024-05-09 15:16:31 INFO  WebServicesLog:86 - Execution completed for PostBook. Final result is:FAIL
2024-05-09 15:16:31 INFO  WebServicesLog:72 - Entered in to endReport method.
2024-05-09 15:16:31 INFO  WebServicesLog:75 - Exit from endReport method.
2024-05-09 15:16:31 INFO  WebServicesLog:106 - Exit from executeSuite method
2024-05-09 15:19:26 INFO  WebServicesLog:26 - Entered in to executeSuite method
2024-05-09 15:19:26 INFO  WebServicesLog:59 - Entered in to createFolder method.
2024-05-09 15:19:26 INFO  WebServicesLog:65 - Exit from createFolder method.
2024-05-09 15:19:26 INFO  WebServicesLog:143 - Entered in to dateWithMilliSeconds method.
2024-05-09 15:19:26 INFO  WebServicesLog:146 - Exit from dateWithMilliSeconds method.
2024-05-09 15:19:26 INFO  WebServicesLog:143 - Entered in to dateWithMilliSeconds method.
2024-05-09 15:19:26 INFO  WebServicesLog:146 - Exit from dateWithMilliSeconds method.
2024-05-09 15:19:26 INFO  WebServicesLog:89 - Entered in to getProperties method.
2024-05-09 15:19:26 INFO  WebServicesLog:101 - Exit from getProperties method.
2024-05-09 15:19:26 INFO  WebServicesLog:75 - Entered in to createRow method.
2024-05-09 15:19:27 INFO  WebServicesLog:80 - Creating an excelworkbook in CreateRow method.
2024-05-09 15:19:28 INFO  WebServicesLog:98 - Exit from createRow method.
2024-05-09 15:19:28 INFO  WebServicesLog:15 - Entered in to onStart method.
2024-05-09 15:19:28 INFO  WebServicesLog:31 - Exit from onStart method.
2024-05-09 15:19:28 INFO  WebServicesLog:102 - Entered in to excelFileRead method.
2024-05-09 15:19:28 ERROR WebServicesLog:110 - Error in excelFileRead method: C:\Users\draghava\OneDrive - Capgemini\Documents\All Programs\RestAssured\RestAssured_WA\testartifacts\TestSet\TestSet1.xlsx (The process cannot access the file because it is being used by another process)
2024-05-09 15:19:28 ERROR WebServicesLog:111 - Trace: java.io.FileNotFoundException: C:\Users\draghava\OneDrive - Capgemini\Documents\All Programs\RestAssured\RestAssured_WA\testartifacts\TestSet\TestSet1.xlsx (The process cannot access the file because it is being used by another process)
2024-05-09 15:19:28 INFO  WebServicesLog:113 - Exit from excelFileRead method.
2024-05-09 15:19:28 ERROR WebServicesLog:117 - Trace: java.lang.NullPointerException
2024-05-09 15:20:28 INFO  WebServicesLog:26 - Entered in to executeSuite method
2024-05-09 15:20:28 INFO  WebServicesLog:59 - Entered in to createFolder method.
2024-05-09 15:20:28 INFO  WebServicesLog:65 - Exit from createFolder method.
2024-05-09 15:20:28 INFO  WebServicesLog:143 - Entered in to dateWithMilliSeconds method.
2024-05-09 15:20:28 INFO  WebServicesLog:146 - Exit from dateWithMilliSeconds method.
2024-05-09 15:20:28 INFO  WebServicesLog:143 - Entered in to dateWithMilliSeconds method.
2024-05-09 15:20:28 INFO  WebServicesLog:146 - Exit from dateWithMilliSeconds method.
2024-05-09 15:20:28 INFO  WebServicesLog:89 - Entered in to getProperties method.
2024-05-09 15:20:28 INFO  WebServicesLog:101 - Exit from getProperties method.
2024-05-09 15:20:28 INFO  WebServicesLog:75 - Entered in to createRow method.
2024-05-09 15:20:29 INFO  WebServicesLog:80 - Creating an excelworkbook in CreateRow method.
2024-05-09 15:20:29 INFO  WebServicesLog:98 - Exit from createRow method.
2024-05-09 15:20:29 INFO  WebServicesLog:15 - Entered in to onStart method.
2024-05-09 15:20:30 INFO  WebServicesLog:31 - Exit from onStart method.
2024-05-09 15:20:30 INFO  WebServicesLog:102 - Entered in to excelFileRead method.
2024-05-09 15:20:30 INFO  WebServicesLog:113 - Exit from excelFileRead method.
2024-05-09 15:20:30 INFO  WebServicesLog:102 - Entered in to excelFileRead method.
2024-05-09 15:20:30 INFO  WebServicesLog:113 - Exit from excelFileRead method.
2024-05-09 15:20:30 INFO  WebServicesLog:102 - Entered in to excelFileRead method.
2024-05-09 15:20:30 INFO  WebServicesLog:113 - Exit from excelFileRead method.
2024-05-09 15:20:30 INFO  WebServicesLog:35 - Entered in to extentSummary method.
2024-05-09 15:20:30 INFO  WebServicesLog:37 - Exit from extentSummary method.
2024-05-09 15:20:30 INFO  WebServicesLog:79 - Execution started for PostBook
2024-05-09 15:20:30 INFO  WebServicesLog:70 - Entered in to serviceRedirection method.
2024-05-09 15:20:31 INFO  WebServicesLog:30 - Entered in to PostBook method.
2024-05-09 15:20:31 INFO  WebServicesLog:102 - Entered in to excelFileRead method.
2024-05-09 15:20:31 INFO  WebServicesLog:113 - Exit from excelFileRead method.
2024-05-09 15:20:31 INFO  WebServicesLog:89 - Entered in to getProperties method.
2024-05-09 15:20:31 INFO  WebServicesLog:101 - Exit from getProperties method.
2024-05-09 15:20:31 INFO  WebServicesLog:89 - Entered in to getProperties method.
2024-05-09 15:20:31 INFO  WebServicesLog:101 - Exit from getProperties method.
2024-05-09 15:20:31 INFO  WebServicesLog:89 - Entered in to getProperties method.
2024-05-09 15:20:31 INFO  WebServicesLog:101 - Exit from getProperties method.
2024-05-09 15:20:31 INFO  WebServicesLog:89 - Entered in to getProperties method.
2024-05-09 15:20:31 INFO  WebServicesLog:101 - Exit from getProperties method.
2024-05-09 15:20:31 INFO  WebServicesLog:89 - Entered in to getProperties method.
2024-05-09 15:20:31 INFO  WebServicesLog:101 - Exit from getProperties method.
2024-05-09 15:20:31 INFO  WebServicesLog:75 - Entered in to createRow method.
2024-05-09 15:20:31 INFO  WebServicesLog:98 - Exit from createRow method.
2024-05-09 15:20:31 INFO  WebServicesLog:63 - Execution started for TestCase No:1
2024-05-09 15:20:31 INFO  WebServicesLog:28 - Entered in to generateInputPayload method.
2024-05-09 15:20:31 INFO  WebServicesLog:107 - Entered in to textFileRead method.
2024-05-09 15:20:31 INFO  WebServicesLog:123 - Exit from textFileRead method.
2024-05-09 15:20:31 INFO  WebServicesLog:53 - Exit from generateInputPayload method.
2024-05-09 15:20:46 INFO  WebServicesLog:27 - Entered in to postMethod method.
2024-05-09 15:23:12 INFO  WebServicesLog:40 - Exit from postMethod method.
2024-05-09 15:32:48 INFO  WebServicesLog:26 - Entered in to executeSuite method
2024-05-09 15:32:48 INFO  WebServicesLog:59 - Entered in to createFolder method.
2024-05-09 15:32:48 INFO  WebServicesLog:65 - Exit from createFolder method.
2024-05-09 15:32:48 INFO  WebServicesLog:143 - Entered in to dateWithMilliSeconds method.
2024-05-09 15:32:48 INFO  WebServicesLog:146 - Exit from dateWithMilliSeconds method.
2024-05-09 15:32:48 INFO  WebServicesLog:143 - Entered in to dateWithMilliSeconds method.
2024-05-09 15:32:48 INFO  WebServicesLog:146 - Exit from dateWithMilliSeconds method.
2024-05-09 15:32:48 INFO  WebServicesLog:89 - Entered in to getProperties method.
2024-05-09 15:32:48 INFO  WebServicesLog:101 - Exit from getProperties method.
2024-05-09 15:32:48 INFO  WebServicesLog:75 - Entered in to createRow method.
2024-05-09 15:32:49 INFO  WebServicesLog:80 - Creating an excelworkbook in CreateRow method.
2024-05-09 15:32:50 INFO  WebServicesLog:98 - Exit from createRow method.
2024-05-09 15:32:50 INFO  WebServicesLog:15 - Entered in to onStart method.
2024-05-09 15:32:50 INFO  WebServicesLog:31 - Exit from onStart method.
2024-05-09 15:32:50 INFO  WebServicesLog:102 - Entered in to excelFileRead method.
2024-05-09 15:32:50 INFO  WebServicesLog:113 - Exit from excelFileRead method.
2024-05-09 15:32:50 INFO  WebServicesLog:102 - Entered in to excelFileRead method.
2024-05-09 15:32:51 INFO  WebServicesLog:113 - Exit from excelFileRead method.
2024-05-09 15:32:51 INFO  WebServicesLog:102 - Entered in to excelFileRead method.
2024-05-09 15:32:51 INFO  WebServicesLog:113 - Exit from excelFileRead method.
2024-05-09 15:32:51 INFO  WebServicesLog:35 - Entered in to extentSummary method.
2024-05-09 15:32:51 INFO  WebServicesLog:37 - Exit from extentSummary method.
2024-05-09 15:32:51 INFO  WebServicesLog:79 - Execution started for PostBook
2024-05-09 15:32:51 INFO  WebServicesLog:70 - Entered in to serviceRedirection method.
2024-05-09 15:32:51 INFO  WebServicesLog:30 - Entered in to PostBook method.
2024-05-09 15:32:51 INFO  WebServicesLog:102 - Entered in to excelFileRead method.
2024-05-09 15:32:51 INFO  WebServicesLog:113 - Exit from excelFileRead method.
2024-05-09 15:32:51 INFO  WebServicesLog:89 - Entered in to getProperties method.
2024-05-09 15:32:51 INFO  WebServicesLog:101 - Exit from getProperties method.
2024-05-09 15:32:51 INFO  WebServicesLog:89 - Entered in to getProperties method.
2024-05-09 15:32:51 INFO  WebServicesLog:101 - Exit from getProperties method.
2024-05-09 15:32:51 INFO  WebServicesLog:89 - Entered in to getProperties method.
2024-05-09 15:32:51 INFO  WebServicesLog:101 - Exit from getProperties method.
2024-05-09 15:32:51 INFO  WebServicesLog:89 - Entered in to getProperties method.
2024-05-09 15:32:51 INFO  WebServicesLog:101 - Exit from getProperties method.
2024-05-09 15:32:51 INFO  WebServicesLog:89 - Entered in to getProperties method.
2024-05-09 15:32:51 INFO  WebServicesLog:101 - Exit from getProperties method.
2024-05-09 15:32:51 INFO  WebServicesLog:75 - Entered in to createRow method.
2024-05-09 15:32:51 INFO  WebServicesLog:98 - Exit from createRow method.
2024-05-09 15:32:51 INFO  WebServicesLog:63 - Execution started for TestCase No:1
2024-05-09 15:32:51 INFO  WebServicesLog:28 - Entered in to generateInputPayload method.
2024-05-09 15:32:51 INFO  WebServicesLog:107 - Entered in to textFileRead method.
2024-05-09 15:32:51 INFO  WebServicesLog:123 - Exit from textFileRead method.
2024-05-09 15:32:51 INFO  WebServicesLog:53 - Exit from generateInputPayload method.
2024-05-09 15:32:51 INFO  WebServicesLog:27 - Entered in to postMethod method.
2024-05-09 15:32:56 INFO  WebServicesLog:40 - Exit from postMethod method.
2024-05-09 15:32:56 INFO  WebServicesLog:114 - Entered in to responseCodeValidation method.
2024-05-09 15:32:56 INFO  WebServicesLog:102 - Entered in to excelFileRead method.
2024-05-09 15:32:56 ERROR WebServicesLog:110 - Error in excelFileRead method: C:\Users\draghava\OneDrive - Capgemini\Documents\All Programs\RestAssured\RestAssured_WA\testartifacts\TestData.OCIDev\GetBook.xlsx (The system cannot find the file specified)
2024-05-09 15:32:56 ERROR WebServicesLog:111 - Trace: java.io.FileNotFoundException: C:\Users\draghava\OneDrive - Capgemini\Documents\All Programs\RestAssured\RestAssured_WA\testartifacts\TestData.OCIDev\GetBook.xlsx (The system cannot find the file specified)
2024-05-09 15:32:56 INFO  WebServicesLog:113 - Exit from excelFileRead method.
2024-05-09 15:32:56 ERROR WebServicesLog:116 - Exception in PostBook service. Reason:- java.lang.NullPointerException
2024-05-09 15:32:56 INFO  WebServicesLog:75 - Entered in to createRow method.
2024-05-09 15:32:57 INFO  WebServicesLog:98 - Exit from createRow method.
2024-05-09 15:32:57 INFO  WebServicesLog:49 - Entered in to failTest method.
2024-05-09 15:32:57 INFO  WebServicesLog:54 - <span style='font-weight:bold;'>Test Case:</span> Post Book Data<br /><span style='font-weight:bold;'>Result: FAIL.</span> <br /><span style='font-weight:bold;'>Failure Reason is: </span>Exception in PostBook service. Reason:- null
2024-05-09 15:32:57 INFO  WebServicesLog:55 - Exit from failTest method.
2024-05-09 15:32:57 INFO  WebServicesLog:124 - Execution status of Test Case number: '1' is : FAIL. Failure reason is: Exception in PostBook service. Reason:- null
2024-05-09 15:32:57 INFO  WebServicesLog:146 - Exit from PostBook method.
2024-05-09 15:32:57 INFO  WebServicesLog:85 - Exit from serviceRedirection method.
2024-05-09 15:32:57 INFO  WebServicesLog:242 - Entered in to getFinalResult (String) method.
2024-05-09 15:32:57 INFO  WebServicesLog:259 - Exit from getFinalResult (String) method.
2024-05-09 15:32:57 INFO  WebServicesLog:75 - Entered in to createRow method.
2024-05-09 15:32:57 INFO  WebServicesLog:98 - Exit from createRow method.
2024-05-09 15:32:57 INFO  WebServicesLog:86 - Execution completed for PostBook. Final result is:FAIL
2024-05-09 15:32:57 INFO  WebServicesLog:72 - Entered in to endReport method.
2024-05-09 15:32:57 INFO  WebServicesLog:75 - Exit from endReport method.
2024-05-09 15:32:57 INFO  WebServicesLog:106 - Exit from executeSuite method
2024-05-09 15:39:40 INFO  WebServicesLog:26 - Entered in to executeSuite method
2024-05-09 15:39:40 INFO  WebServicesLog:59 - Entered in to createFolder method.
2024-05-09 15:39:40 INFO  WebServicesLog:65 - Exit from createFolder method.
2024-05-09 15:39:40 INFO  WebServicesLog:143 - Entered in to dateWithMilliSeconds method.
2024-05-09 15:39:40 INFO  WebServicesLog:146 - Exit from dateWithMilliSeconds method.
2024-05-09 15:39:40 INFO  WebServicesLog:143 - Entered in to dateWithMilliSeconds method.
2024-05-09 15:39:40 INFO  WebServicesLog:146 - Exit from dateWithMilliSeconds method.
2024-05-09 15:39:40 INFO  WebServicesLog:89 - Entered in to getProperties method.
2024-05-09 15:39:40 INFO  WebServicesLog:101 - Exit from getProperties method.
2024-05-09 15:39:40 INFO  WebServicesLog:75 - Entered in to createRow method.
2024-05-09 15:39:41 INFO  WebServicesLog:80 - Creating an excelworkbook in CreateRow method.
2024-05-09 15:39:41 INFO  WebServicesLog:98 - Exit from createRow method.
2024-05-09 15:39:41 INFO  WebServicesLog:15 - Entered in to onStart method.
2024-05-09 15:39:41 INFO  WebServicesLog:31 - Exit from onStart method.
2024-05-09 15:39:41 INFO  WebServicesLog:102 - Entered in to excelFileRead method.
2024-05-09 15:39:42 INFO  WebServicesLog:113 - Exit from excelFileRead method.
2024-05-09 15:39:42 INFO  WebServicesLog:102 - Entered in to excelFileRead method.
2024-05-09 15:39:42 INFO  WebServicesLog:113 - Exit from excelFileRead method.
2024-05-09 15:39:42 INFO  WebServicesLog:102 - Entered in to excelFileRead method.
2024-05-09 15:39:42 INFO  WebServicesLog:113 - Exit from excelFileRead method.
2024-05-09 15:39:42 INFO  WebServicesLog:35 - Entered in to extentSummary method.
2024-05-09 15:39:42 INFO  WebServicesLog:37 - Exit from extentSummary method.
2024-05-09 15:39:42 INFO  WebServicesLog:79 - Execution started for PostBook
2024-05-09 15:39:42 INFO  WebServicesLog:70 - Entered in to serviceRedirection method.
2024-05-09 15:39:42 INFO  WebServicesLog:30 - Entered in to PostBook method.
2024-05-09 15:39:42 INFO  WebServicesLog:102 - Entered in to excelFileRead method.
2024-05-09 15:39:42 INFO  WebServicesLog:113 - Exit from excelFileRead method.
2024-05-09 15:39:42 INFO  WebServicesLog:89 - Entered in to getProperties method.
2024-05-09 15:39:42 INFO  WebServicesLog:101 - Exit from getProperties method.
2024-05-09 15:39:42 INFO  WebServicesLog:89 - Entered in to getProperties method.
2024-05-09 15:39:42 INFO  WebServicesLog:101 - Exit from getProperties method.
2024-05-09 15:39:42 INFO  WebServicesLog:89 - Entered in to getProperties method.
2024-05-09 15:39:42 INFO  WebServicesLog:101 - Exit from getProperties method.
2024-05-09 15:39:42 INFO  WebServicesLog:89 - Entered in to getProperties method.
2024-05-09 15:39:42 INFO  WebServicesLog:101 - Exit from getProperties method.
2024-05-09 15:39:42 INFO  WebServicesLog:89 - Entered in to getProperties method.
2024-05-09 15:39:42 INFO  WebServicesLog:101 - Exit from getProperties method.
2024-05-09 15:39:42 INFO  WebServicesLog:75 - Entered in to createRow method.
2024-05-09 15:39:43 INFO  WebServicesLog:98 - Exit from createRow method.
2024-05-09 15:39:43 INFO  WebServicesLog:63 - Execution started for TestCase No:1
2024-05-09 15:39:43 INFO  WebServicesLog:28 - Entered in to generateInputPayload method.
2024-05-09 15:39:43 INFO  WebServicesLog:107 - Entered in to textFileRead method.
2024-05-09 15:39:43 INFO  WebServicesLog:123 - Exit from textFileRead method.
2024-05-09 15:39:43 INFO  WebServicesLog:53 - Exit from generateInputPayload method.
2024-05-09 15:39:43 INFO  WebServicesLog:27 - Entered in to postMethod method.
2024-05-09 15:39:48 INFO  WebServicesLog:40 - Exit from postMethod method.
2024-05-09 15:39:48 INFO  WebServicesLog:114 - Entered in to responseCodeValidation method.
2024-05-09 15:39:48 INFO  WebServicesLog:75 - Entered in to createRow method.
2024-05-09 15:39:48 INFO  WebServicesLog:98 - Exit from createRow method.
2024-05-09 15:39:48 INFO  WebServicesLog:41 - Entered in to passTest method.
2024-05-09 15:39:48 INFO  WebServicesLog:44 - Test Case: Test Case: Post Book Data<br />Result: PASS.<br />Result: PASS.
2024-05-09 15:39:48 INFO  WebServicesLog:45 - Exit from passTest method.
2024-05-09 15:39:48 INFO  WebServicesLog:126 - Execution status of Test Case number: '1' is : PASS 
2024-05-09 15:39:48 INFO  WebServicesLog:139 - Exit from PostBook method.
2024-05-09 15:39:48 INFO  WebServicesLog:85 - Exit from serviceRedirection method.
2024-05-09 15:39:48 INFO  WebServicesLog:242 - Entered in to getFinalResult (String) method.
2024-05-09 15:39:48 INFO  WebServicesLog:259 - Exit from getFinalResult (String) method.
2024-05-09 15:39:48 INFO  WebServicesLog:75 - Entered in to createRow method.
2024-05-09 15:39:48 INFO  WebServicesLog:98 - Exit from createRow method.
2024-05-09 15:39:48 INFO  WebServicesLog:86 - Execution completed for PostBook. Final result is:PASS
2024-05-09 15:39:48 INFO  WebServicesLog:72 - Entered in to endReport method.
2024-05-09 15:39:49 INFO  WebServicesLog:75 - Exit from endReport method.
2024-05-09 15:39:49 INFO  WebServicesLog:106 - Exit from executeSuite method
