#
# There is insufficient memory for the Java Runtime Environment to continue.
# Native memory allocation (malloc) failed to allocate 789056 bytes for Chunk::new
# Possible reasons:
#   The system is out of physical RAM or swap space
#   The process is running with CompressedOops enabled, and the Java Heap may be blocking the growth of the native heap
# Possible solutions:
#   Reduce memory load on the system
#   Increase physical memory or swap space
#   Check if swap backing store is full
#   Decrease Java heap size (-Xmx/-Xms)
#   Decrease number of Java threads
#   Decrease Java thread stack sizes (-Xss)
#   Set larger code cache with -XX:ReservedCodeCacheSize=
#   JVM is running with Zero Based Compressed Oops mode in which the Java heap is
#     placed in the first 32GB address space. The Java Heap base address is the
#     maximum limit for the native heap growth. Please use -XX:HeapBaseMinAddress
#     to set the Java Heap base and to place the Java Heap above 32GB virtual address.
# This output file may be truncated or incomplete.
#
#  Out of Memory Error (allocation.cpp:389), pid=32472, tid=0x000000000000905c
#
# JRE version: Java(TM) SE Runtime Environment (8.0_221-b11) (build 1.8.0_221-b11)
# Java VM: Java HotSpot(TM) 64-Bit Server VM (25.221-b11 mixed mode windows-amd64 compressed oops)
# Failed to write core dump. Minidumps are not enabled by default on client versions of Windows
#

---------------  T H R E A D  ---------------

Current thread (0x00000000197a1000):  JavaThread "C2 CompilerThread0" daemon [_thread_in_native, id=36956, stack(0x000000001a7e0000,0x000000001a8e0000)]

Stack: [0x000000001a7e0000,0x000000001a8e0000]
[error occurred during error reporting (printing stack bounds), id 0xc0000005]

Native frames: (J=compiled Java code, j=interpreted, Vv=VM code, C=native code)


Current CompileTask:
C2:   3613 2629   !   4       org.apache.xmlbeans.impl.values.XmlObjectBase::check_dated (270 bytes)


---------------  P R O C E S S  ---------------

Java Threads: ( => current thread )
  0x000000001980c000 JavaThread "Service Thread" daemon [_thread_blocked, id=6340, stack(0x000000001a9e0000,0x000000001aae0000)]
  0x00000000197b8800 JavaThread "C1 CompilerThread1" daemon [_thread_in_native, id=26872, stack(0x000000001a8e0000,0x000000001a9e0000)]
=>0x00000000197a1000 JavaThread "C2 CompilerThread0" daemon [_thread_in_native, id=36956, stack(0x000000001a7e0000,0x000000001a8e0000)]
  0x000000001979e000 JavaThread "Attach Listener" daemon [_thread_blocked, id=30136, stack(0x000000001a6e0000,0x000000001a7e0000)]
  0x000000001979a800 JavaThread "Signal Dispatcher" daemon [_thread_blocked, id=36052, stack(0x000000001a5e0000,0x000000001a6e0000)]
  0x0000000019788800 JavaThread "Finalizer" daemon [_thread_blocked, id=27672, stack(0x000000001a3e0000,0x000000001a4e0000)]
  0x0000000002861800 JavaThread "Reference Handler" daemon [_thread_blocked, id=30788, stack(0x000000001a2e0000,0x000000001a3e0000)]
  0x0000000002774000 JavaThread "main" [_thread_in_Java, id=36356, stack(0x0000000002670000,0x0000000002770000)]

Other Threads:
  0x0000000019767000 VMThread [stack: 0x000000001a1e0000,0x000000001a2e0000] [id=36996]
  0x0000000019820800 WatcherThread [stack: 0x000000001aae0000,0x000000001abe0000] [id=37420]

VM state:not at safepoint (normal execution)

VM Mutex/Monitor currently owned by a thread: None

heap address: 0x0000000700000000, size: 3072 MB, Compressed Oops mode: Zero based, Oop shift amount: 3
Narrow klass base: 0x0000000000000000, Narrow klass shift: 3
Compressed class space size: 1073741824 Address: 0x00000007c0000000

Heap:
 PSYoungGen      total 106496K, used 10536K [0x0000000780000000, 0x000000078d000000, 0x00000007c0000000)
  eden space 98304K, 2% used [0x0000000780000000,0x000000078024afb0,0x0000000786000000)
  from space 8192K, 99% used [0x0000000786000000,0x00000007867ff2d0,0x0000000786800000)
  to   space 8192K, 0% used [0x000000078c800000,0x000000078c800000,0x000000078d000000)
 ParOldGen       total 131072K, used 14261K [0x0000000700000000, 0x0000000708000000, 0x0000000780000000)
  object space 131072K, 10% used [0x0000000700000000,0x0000000700ded4a8,0x0000000708000000)
 Metaspace       used 17613K, capacity 17818K, committed 18048K, reserved 1064960K
  class space    used 2071K, capacity 2145K, committed 2176K, reserved 1048576K

Card table byte_map: [0x0000000011c30000,0x0000000012240000] byte_map_base: 0x000000000e430000

Marking Bits: (ParMarkBitMap*) 0x0000000071aa5ce0
 Begin Bits: [0x0000000012840000, 0x0000000015840000)
 End Bits:   [0x0000000015840000, 0x0000000018840000)

Polling page: 0x0000000002560000

CodeCache: size=245760Kb used=9265Kb max_used=9265Kb free=236494Kb
 bounds [0x0000000002870000, 0x0000000003190000, 0x0000000011870000]
 total_blobs=3045 nmethods=2678 adapters=279
 compilation: enabled

Compilation events (10 events):
Event: 3.605 Thread 0x00000000197b8800 nmethod 2703 0x0000000003174310 code [0x00000000031744e0, 0x0000000003174b18]
Event: 3.605 Thread 0x00000000197b8800 2704       2       org.apache.poi.xssf.usermodel.helpers.ColumnHelper::getOverlappingCols (96 bytes)
Event: 3.606 Thread 0x00000000197b8800 nmethod 2704 0x00000000031750d0 code [0x0000000003175360, 0x0000000003175f18]
Event: 3.606 Thread 0x00000000197b8800 2705       2       org.apache.poi.xssf.usermodel.helpers.ColumnHelper::cloneCol (39 bytes)
Event: 3.606 Thread 0x00000000197b8800 nmethod 2705 0x0000000003176c90 code [0x0000000003176e40, 0x0000000003177198]
Event: 3.606 Thread 0x00000000197b8800 2706   !   2       org.openxmlformats.schemas.spreadsheetml.x2006.main.impl.CTColImpl::setMin (74 bytes)
Event: 3.607 Thread 0x00000000197b8800 nmethod 2706 0x0000000003177450 code [0x00000000031776a0, 0x00000000031781b8]
Event: 3.607 Thread 0x00000000197b8800 2707   !   2       org.openxmlformats.schemas.spreadsheetml.x2006.main.impl.CTColImpl::setMax (74 bytes)
Event: 3.608 Thread 0x00000000197b8800 nmethod 2707 0x0000000003178f10 code [0x0000000003179160, 0x0000000003179c78]
Event: 3.608 Thread 0x00000000197b8800 2708       2       org.apache.poi.xssf.usermodel.helpers.ColumnHelper::setColumnAttributes (181 bytes)

GC Heap History (6 events):
Event: 1.108 GC heap before
{Heap before GC invocations=1 (full 0):
 PSYoungGen      total 57344K, used 49152K [0x0000000780000000, 0x0000000784000000, 0x00000007c0000000)
  eden space 49152K, 100% used [0x0000000780000000,0x0000000783000000,0x0000000783000000)
  from space 8192K, 0% used [0x0000000783800000,0x0000000783800000,0x0000000784000000)
  to   space 8192K, 0% used [0x0000000783000000,0x0000000783000000,0x0000000783800000)
 ParOldGen       total 131072K, used 0K [0x0000000700000000, 0x0000000708000000, 0x0000000780000000)
  object space 131072K, 0% used [0x0000000700000000,0x0000000700000000,0x0000000708000000)
 Metaspace       used 11803K, capacity 11976K, committed 12160K, reserved 1060864K
  class space    used 1479K, capacity 1562K, committed 1664K, reserved 1048576K
Event: 1.126 GC heap after
Heap after GC invocations=1 (full 0):
 PSYoungGen      total 57344K, used 8170K [0x0000000780000000, 0x0000000787000000, 0x00000007c0000000)
  eden space 49152K, 0% used [0x0000000780000000,0x0000000780000000,0x0000000783000000)
  from space 8192K, 99% used [0x0000000783000000,0x00000007837fabb0,0x0000000783800000)
  to   space 8192K, 0% used [0x0000000786800000,0x0000000786800000,0x0000000787000000)
 ParOldGen       total 131072K, used 0K [0x0000000700000000, 0x0000000708000000, 0x0000000780000000)
  object space 131072K, 0% used [0x0000000700000000,0x0000000700000000,0x0000000708000000)
 Metaspace       used 11803K, capacity 11976K, committed 12160K, reserved 1060864K
  class space    used 1479K, capacity 1562K, committed 1664K, reserved 1048576K
}
Event: 2.146 GC heap before
{Heap before GC invocations=2 (full 0):
 PSYoungGen      total 57344K, used 57322K [0x0000000780000000, 0x0000000787000000, 0x00000007c0000000)
  eden space 49152K, 100% used [0x0000000780000000,0x0000000783000000,0x0000000783000000)
  from space 8192K, 99% used [0x0000000783000000,0x00000007837fabb0,0x0000000783800000)
  to   space 8192K, 0% used [0x0000000786800000,0x0000000786800000,0x0000000787000000)
 ParOldGen       total 131072K, used 0K [0x0000000700000000, 0x0000000708000000, 0x0000000780000000)
  object space 131072K, 0% used [0x0000000700000000,0x0000000700000000,0x0000000708000000)
 Metaspace       used 17081K, capacity 17346K, committed 17536K, reserved 1064960K
  class space    used 2052K, capacity 2141K, committed 2176K, reserved 1048576K
Event: 2.170 GC heap after
Heap after GC invocations=2 (full 0):
 PSYoungGen      total 106496K, used 8175K [0x0000000780000000, 0x0000000787000000, 0x00000007c0000000)
  eden space 98304K, 0% used [0x0000000780000000,0x0000000780000000,0x0000000786000000)
  from space 8192K, 99% used [0x0000000786800000,0x0000000786ffbdc0,0x0000000787000000)
  to   space 8192K, 0% used [0x0000000786000000,0x0000000786000000,0x0000000786800000)
 ParOldGen       total 131072K, used 2557K [0x0000000700000000, 0x0000000708000000, 0x0000000780000000)
  object space 131072K, 1% used [0x0000000700000000,0x000000070027f6b0,0x0000000708000000)
 Metaspace       used 17081K, capacity 17346K, committed 17536K, reserved 1064960K
  class space    used 2052K, capacity 2141K, committed 2176K, reserved 1048576K
}
Event: 3.566 GC heap before
{Heap before GC invocations=3 (full 0):
 PSYoungGen      total 106496K, used 106479K [0x0000000780000000, 0x0000000787000000, 0x00000007c0000000)
  eden space 98304K, 100% used [0x0000000780000000,0x0000000786000000,0x0000000786000000)
  from space 8192K, 99% used [0x0000000786800000,0x0000000786ffbdc0,0x0000000787000000)
  to   space 8192K, 0% used [0x0000000786000000,0x0000000786000000,0x0000000786800000)
 ParOldGen       total 131072K, used 2557K [0x0000000700000000, 0x0000000708000000, 0x0000000780000000)
  object space 131072K, 1% used [0x0000000700000000,0x000000070027f6b0,0x0000000708000000)
 Metaspace       used 17602K, capacity 17818K, committed 18048K, reserved 1064960K
  class space    used 2071K, capacity 2145K, committed 2176K, reserved 1048576K
Event: 3.597 GC heap after
Heap after GC invocations=3 (full 0):
 PSYoungGen      total 106496K, used 8188K [0x0000000780000000, 0x000000078d000000, 0x00000007c0000000)
  eden space 98304K, 0% used [0x0000000780000000,0x0000000780000000,0x0000000786000000)
  from space 8192K, 99% used [0x0000000786000000,0x00000007867ff2d0,0x0000000786800000)
  to   space 8192K, 0% used [0x000000078c800000,0x000000078c800000,0x000000078d000000)
 ParOldGen       total 131072K, used 14261K [0x0000000700000000, 0x0000000708000000, 0x0000000780000000)
  object space 131072K, 10% used [0x0000000700000000,0x0000000700ded4a8,0x0000000708000000)
 Metaspace       used 17602K, capacity 17818K, committed 18048K, reserved 1064960K
  class space    used 2071K, capacity 2145K, committed 2176K, reserved 1048576K
}

Deoptimization events (10 events):
Event: 2.119 Thread 0x0000000002774000 Uncommon trap: reason=bimorphic action=maybe_recompile pc=0x0000000002eafae0 method=java.util.regex.Matcher.search(I)Z @ 86
Event: 2.122 Thread 0x0000000002774000 Uncommon trap: reason=bimorphic action=maybe_recompile pc=0x0000000002eafae0 method=java.util.regex.Matcher.search(I)Z @ 86
Event: 2.423 Thread 0x0000000002774000 Uncommon trap: reason=unstable_if action=reinterpret pc=0x00000000030192c8 method=com.sun.org.apache.xerces.internal.impl.XMLEntityScanner.scanLiteral(ILcom/sun/org/apache/xerces/internal/xni/XMLString;Z)I @ 44
Event: 3.076 Thread 0x0000000002774000 Uncommon trap: reason=unstable_if action=reinterpret pc=0x0000000003023f6c method=com.sun.org.apache.xerces.internal.impl.XMLEntityScanner.scanContent(Lcom/sun/org/apache/xerces/internal/xni/XMLString;)I @ 44
Event: 3.076 Thread 0x0000000002774000 Uncommon trap: reason=unstable_if action=reinterpret pc=0x0000000003077e04 method=com.sun.org.apache.xerces.internal.impl.XMLDocumentFragmentScannerImpl$FragmentContentDriver.next()I @ 823
Event: 3.386 Thread 0x0000000002774000 Uncommon trap: reason=unstable_if action=reinterpret pc=0x000000000311c1a4 method=org.apache.xmlbeans.impl.values.XmlObjectBase.has_store()Z @ 7
Event: 3.390 Thread 0x0000000002774000 Uncommon trap: reason=unstable_if action=reinterpret pc=0x0000000002fc7a8c method=org.apache.xmlbeans.impl.store.Xobj.lastAttr()Lorg/apache/xmlbeans/impl/store/Xobj; @ 28
Event: 3.393 Thread 0x0000000002774000 Uncommon trap: reason=unstable_if action=reinterpret pc=0x0000000002f2d4d8 method=org.apache.xmlbeans.impl.store.Cur.getParent(Z)Lorg/apache/xmlbeans/impl/store/Xobj; @ 34
Event: 3.393 Thread 0x0000000002774000 Uncommon trap: reason=unstable_if action=reinterpret pc=0x0000000002fb6e30 method=org.apache.xmlbeans.impl.store.Cur$Locations.moveTo(ILorg/apache/xmlbeans/impl/store/Cur;)V @ 6
Event: 3.393 Thread 0x0000000002774000 Uncommon trap: reason=unstable_if action=reinterpret pc=0x0000000002f9c4f8 method=org.apache.xmlbeans.impl.store.Cur$Locations.moveTo(ILorg/apache/xmlbeans/impl/store/Cur;)V @ 6

Classes redefined (0 events):
No events

Internal exceptions (10 events):
Event: 1.303 Thread 0x0000000002774000 Exception <a 'java/lang/ArrayIndexOutOfBoundsException'> (0x00000007809b9e20) thrown at [C:\re\workspace\8-2-build-windows-amd64-cygwin\jdk8u221\13320\hotspot\src\share\vm\runtime\sharedRuntime.cpp, line 605]
Event: 1.303 Thread 0x0000000002774000 Exception <a 'java/lang/ArrayIndexOutOfBoundsException'> (0x00000007809bb878) thrown at [C:\re\workspace\8-2-build-windows-amd64-cygwin\jdk8u221\13320\hotspot\src\share\vm\runtime\sharedRuntime.cpp, line 605]
Event: 1.303 Thread 0x0000000002774000 Exception <a 'java/lang/ArrayIndexOutOfBoundsException'> (0x00000007809bcca8) thrown at [C:\re\workspace\8-2-build-windows-amd64-cygwin\jdk8u221\13320\hotspot\src\share\vm\runtime\sharedRuntime.cpp, line 605]
Event: 1.304 Thread 0x0000000002774000 Exception <a 'java/lang/ClassNotFoundException': com/aventstack/extentreports/StatusCustomizer> (0x00000007809cdab8) thrown at [C:\re\workspace\8-2-build-windows-amd64-cygwin\jdk8u221\13320\hotspot\src\share\vm\classfile\systemDictionary.cpp, line 210]
Event: 1.304 Thread 0x0000000002774000 Exception <a 'java/lang/ArrayIndexOutOfBoundsException'> (0x00000007809cf8a0) thrown at [C:\re\workspace\8-2-build-windows-amd64-cygwin\jdk8u221\13320\hotspot\src\share\vm\runtime\sharedRuntime.cpp, line 605]
Event: 1.304 Thread 0x0000000002774000 Exception <a 'java/lang/ArrayIndexOutOfBoundsException'> (0x00000007809d1bb0) thrown at [C:\re\workspace\8-2-build-windows-amd64-cygwin\jdk8u221\13320\hotspot\src\share\vm\runtime\sharedRuntime.cpp, line 605]
Event: 1.305 Thread 0x0000000002774000 Exception <a 'java/lang/ArrayIndexOutOfBoundsException'> (0x00000007809d2fa8) thrown at [C:\re\workspace\8-2-build-windows-amd64-cygwin\jdk8u221\13320\hotspot\src\share\vm\runtime\sharedRuntime.cpp, line 605]
Event: 1.310 Thread 0x0000000002774000 Exception <a 'java/lang/ArrayIndexOutOfBoundsException'> (0x0000000780a02fc0) thrown at [C:\re\workspace\8-2-build-windows-amd64-cygwin\jdk8u221\13320\hotspot\src\share\vm\runtime\sharedRuntime.cpp, line 605]
Event: 1.310 Thread 0x0000000002774000 Exception <a 'java/lang/ArrayIndexOutOfBoundsException'> (0x0000000780a04878) thrown at [C:\re\workspace\8-2-build-windows-amd64-cygwin\jdk8u221\13320\hotspot\src\share\vm\runtime\sharedRuntime.cpp, line 605]
Event: 1.991 Thread 0x0000000002774000 Implicit null exception at 0x0000000002e54c7f to 0x0000000002e554f5

Events (10 events):
Event: 3.393 Thread 0x0000000002774000 DEOPT PACKING pc=0x0000000002f9c4f8 sp=0x000000000276e250
Event: 3.393 Thread 0x0000000002774000 DEOPT UNPACKING pc=0x00000000028b583b sp=0x000000000276e208 mode 2
Event: 3.426 Thread 0x0000000002774000 DEOPT PACKING pc=0x00000000030e0e3a sp=0x000000000276e580
Event: 3.426 Thread 0x0000000002774000 DEOPT UNPACKING pc=0x00000000028b7890 sp=0x000000000276e2e0 mode 0
Event: 3.429 loading class org/apache/xerces/util/SecurityManager
Event: 3.429 loading class org/apache/xerces/util/SecurityManager done
Event: 3.556 loading class org/apache/xerces/util/SecurityManager
Event: 3.556 loading class org/apache/xerces/util/SecurityManager done
Event: 3.566 Executing VM operation: ParallelGCFailedAllocation
Event: 3.597 Executing VM operation: ParallelGCFailedAllocation done


Dynamic libraries:
0x00007ff64fd80000 - 0x00007ff64fdb7000 	C:\Program Files\Java\jre1.8.0_221\bin\javaw.exe
0x00007ffb98020000 - 0x00007ffb9820d000 	C:\WINDOWS\SYSTEM32\ntdll.dll
0x00007ffb97670000 - 0x00007ffb97723000 	C:\WINDOWS\System32\KERNEL32.DLL
0x00007ffb94f30000 - 0x00007ffb951c5000 	C:\WINDOWS\System32\KERNELBASE.dll
0x00007ffb97740000 - 0x00007ffb977e3000 	C:\WINDOWS\System32\ADVAPI32.dll
0x00007ffb97810000 - 0x00007ffb978ae000 	C:\WINDOWS\System32\msvcrt.dll
0x00007ffb97310000 - 0x00007ffb973ae000 	C:\WINDOWS\System32\sechost.dll
0x00007ffb97b30000 - 0x00007ffb97c52000 	C:\WINDOWS\System32\RPCRT4.dll
0x00007ffb978b0000 - 0x00007ffb97a47000 	C:\WINDOWS\System32\USER32.dll
0x00007ffb95220000 - 0x00007ffb95240000 	C:\WINDOWS\System32\win32u.dll
0x00007ffb97d70000 - 0x00007ffb97d99000 	C:\WINDOWS\System32\GDI32.dll
0x00007ffb94830000 - 0x00007ffb949c9000 	C:\WINDOWS\System32\gdi32full.dll
0x00007ffb94df0000 - 0x00007ffb94e90000 	C:\WINDOWS\System32\msvcp_win.dll
0x00007ffb94cc0000 - 0x00007ffb94dba000 	C:\WINDOWS\System32\ucrtbase.dll
0x00007ffb863e0000 - 0x00007ffb86659000 	C:\WINDOWS\WinSxS\amd64_microsoft.windows.common-controls_6595b64144ccf1df_6.0.17763.1158_none_de722d88534a897f\COMCTL32.dll
0x00007ffb96db0000 - 0x00007ffb970dc000 	C:\WINDOWS\System32\combase.dll
0x00007ffb94eb0000 - 0x00007ffb94f2e000 	C:\WINDOWS\System32\bcryptPrimitives.dll
0x00007ffb97da0000 - 0x00007ffb97dce000 	C:\WINDOWS\System32\IMM32.DLL
0x00007ffb93e30000 - 0x00007ffb93e61000 	C:\WINDOWS\system32\vmwsci.dll
0x00007ffb97250000 - 0x00007ffb97258000 	C:\WINDOWS\System32\PSAPI.DLL
0x0000000071c90000 - 0x0000000071d62000 	C:\Program Files\Java\jre1.8.0_221\bin\msvcr100.dll
0x0000000071280000 - 0x0000000071b25000 	C:\Program Files\Java\jre1.8.0_221\bin\server\jvm.dll
0x00007ffb8b680000 - 0x00007ffb8b689000 	C:\WINDOWS\SYSTEM32\WSOCK32.dll
0x00007ffb97f80000 - 0x00007ffb97fed000 	C:\WINDOWS\System32\WS2_32.dll
0x00007ffb8a7a0000 - 0x00007ffb8a7c4000 	C:\WINDOWS\SYSTEM32\WINMM.dll
0x00007ffb92ef0000 - 0x00007ffb92efa000 	C:\WINDOWS\SYSTEM32\VERSION.dll
0x00007ffb8a770000 - 0x00007ffb8a79d000 	C:\WINDOWS\SYSTEM32\WINMMBASE.dll
0x00007ffb951d0000 - 0x00007ffb9521a000 	C:\WINDOWS\System32\cfgmgr32.dll
0x00007ffb85100000 - 0x00007ffb8510f000 	C:\Program Files\Java\jre1.8.0_221\bin\verify.dll
0x00007ffb5b660000 - 0x00007ffb5b689000 	C:\Program Files\Java\jre1.8.0_221\bin\java.dll
0x00007ffb56570000 - 0x00007ffb56586000 	C:\Program Files\Java\jre1.8.0_221\bin\zip.dll
0x00007ffb958b0000 - 0x00007ffb96da4000 	C:\WINDOWS\System32\SHELL32.dll
0x00007ffb97260000 - 0x00007ffb97308000 	C:\WINDOWS\System32\shcore.dll
0x00007ffb940e0000 - 0x00007ffb9482d000 	C:\WINDOWS\System32\windows.storage.dll
0x00007ffb94030000 - 0x00007ffb94054000 	C:\WINDOWS\System32\profapi.dll
0x00007ffb94080000 - 0x00007ffb940dd000 	C:\WINDOWS\System32\powrprof.dll
0x00007ffb97d10000 - 0x00007ffb97d62000 	C:\WINDOWS\System32\shlwapi.dll
0x00007ffb94010000 - 0x00007ffb94021000 	C:\WINDOWS\System32\kernel.appcore.dll
0x00007ffb94e90000 - 0x00007ffb94ea7000 	C:\WINDOWS\System32\cryptsp.dll

VM Arguments:
jvm_args: -Dfile.encoding=UTF-8 
java_command: driver.DriverScript
java_class_path (initial): C:\Users\Public\Narasimha\Automation\TelematicsRestServices\target\test-classes;C:\Users\Public\Narasimha\Automation\TelematicsRestServices\target\classes;D:\Users\vxliqnpul\Downloads\ojdbc7 (1).jar;D:\Users\vxliqnpul\.p2\pool\plugins\org.testng_6.14.3.r201802240500.jar;D:\Users\vxliqnpul\.p2\pool\plugins\com.beust.jcommander_1.72.0.jar;D:\Users\vxliqnpul\.p2\pool\plugins\org.apache-extras.beanshell.bsh_2.0.0.b6.jar;D:\Users\vxliqnpul\.p2\pool\plugins\org.yaml.snakeyaml_1.17.0.jar;D:\Users\vxliqnpul\.m2\repository\io\rest-assured\rest-assured\4.0.0\rest-assured-4.0.0.jar;D:\Users\vxliqnpul\.m2\repository\org\codehaus\groovy\groovy\2.5.6\groovy-2.5.6.jar;D:\Users\vxliqnpul\.m2\repository\org\codehaus\groovy\groovy-xml\2.5.6\groovy-xml-2.5.6.jar;D:\Users\vxliqnpul\.m2\repository\org\apache\httpcomponents\httpclient\4.5.3\httpclient-4.5.3.jar;D:\Users\vxliqnpul\.m2\repository\org\apache\httpcomponents\httpcore\4.4.6\httpcore-4.4.6.jar;D:\Users\vxliqnpul\.m2\repository\commons-logging\commons-logging\1.2\commons-logging-1.2.jar;D:\Users\vxliqnpul\.m2\repository\org\apache\httpcomponents\httpmime\4.5.3\httpmime-4.5.3.jar;D:\Users\vxliqnpul\.m2\repository\org\hamcrest\hamcrest-core\2.1\hamcrest-core-2.1.jar;D:\Users\vxliqnpul\.m2\repository\org\hamcrest\hamcrest\2.1\hamcrest-2.1.jar;D:\Users\vxliqnpul\.m2\repository\org\hamcrest\hamcrest-library\2.1\hamcrest-library-2.1.jar;D:\Users\vxliqnpul\.m2\repository\org\ccil\cowan\tagsoup\tagsoup\1.2.1\tagsoup-1.2.1.jar;D:\Users\vxliqnpul\.m2\repository\io\rest-assured\json-path\4.0.0\json-path-4.0.0.jar;D:\Users\vxliqnpul\.m2\repository\org\codehaus\groovy\groovy-json\2.5.6\groovy-json-2.5.6.jar;D:\Users\vxliqnpul\.m2\repository\io\rest-assured\rest-assured-common\4.0.0\rest-assured-common-4.0.0.jar;D:\Users\vxliqnpul\.m2\repository\io\rest-assured\xml-path\4.0.0\xml-path-4.0.0.jar;D:\Users\vxliqnpul\.m2\repository\org\apache\commons\commons-lang3\3.4\commons-lang3-3.4.jar;D:\Users\vxliqnpul\.m2\repos
Launcher Type: SUN_STANDARD

Environment Variables:
PATH=C:/Program Files/Java/jre1.8.0_221/bin/server;C:/Program Files/Java/jre1.8.0_221/bin;C:/Program Files/Java/jre1.8.0_221/lib/amd64;C:\Program Files (x86)\Common Files\Oracle\Java\javapath;C:\ProgramData\Oracle\Java\javapath;C:\WINDOWS\system32;C:\WINDOWS;C:\WINDOWS\System32\Wbem;C:\WINDOWS\System32\WindowsPowerShell\v1.0\;C:\WINDOWS\System32\OpenSSH\;C:\Program Files\Common Files\ThinPrint\;D:\Users\vxliqnpul\AppData\Local\Microsoft\WindowsApps;D:\Users\vxliqnpul\eclipse\jee-2019-06\eclipse;
USERNAME=vxliqnpul
OS=Windows_NT
PROCESSOR_IDENTIFIER=Intel64 Family 6 Model 85 Stepping 4, GenuineIntel



---------------  S Y S T E M  ---------------

OS: Windows 10.0 , 64 bit Build 17763 (10.0.17763.1158)

CPU:total 2 (initial active 2) (2 cores per cpu, 1 threads per core) family 6 model 85 stepping 4, cmov, cx8, fxsr, mmx, sse, sse2, sse3, ssse3, sse4.1, sse4.2, popcnt, avx, avx2, aes, clmul, erms, 3dnowpref, lzcnt, tsc, tscinvbit, bmi1, bmi2, adx

Memory: 4k page, physical 12582388k(3878008k free), swap 17373080k(5144k free)

vm_info: Java HotSpot(TM) 64-Bit Server VM (25.221-b11) for windows-amd64 JRE (1.8.0_221-b11), built on Jul  4 2019 04:39:29 by "java_re" with MS VC++ 10.0 (VS2010)

time: Mon May 04 16:06:20 2020
timezone: India Standard Time
elapsed time: 3 seconds (0d 0h 0m 3s)

